<?xml version="1.0" encoding="UTF-8"?>
<!-- Generated by org.testng.reporters.JUnitXMLReporter -->
<testsuite hostname="DESKTOP-MCTOCK3" ignored="2" name="Test" tests="3" failures="0" timestamp="2022-07-20T12:09:41 IST" time="0.081" errors="0">
  <testcase name="updatedeleteadcontactTEST" time="0.011" classname="Contact.modifyTest"/>
  <testcase name="smokertest" time="0.001" classname="Contact.rebelTest"/>
  <testcase name="deleteTest" time="0.001" classname="Contact.CreatecontactTest"/>
  <testcase name="decentTest" time="0.0" classname="Contact.rebelTest">
    <ignored/>
  </testcase> <!-- decentTest -->
  <testcase name="CreateonlyTest" time="0.0" classname="Contact.CreatecontactTest">
    <ignored/>
  </testcase> <!-- CreateonlyTest -->
</testsuite> <!-- Test -->
