<?xml version="1.0" encoding="UTF-8"?>
<!-- Generated by org.testng.reporters.JUnitXMLReporter -->
<testsuite hostname="DESKTOP-MCTOCK3" ignored="0" name="Test" tests="5" failures="0" timestamp="2022-07-20T11:58:43 IST" time="0.127" errors="0">
  <testcase name="updatedeleteadcontactTEST" time="0.018" classname="Contact.modifyTest"/>
  <testcase name="decentTest" time="0.003" classname="Contact.rebelTest"/>
  <testcase name="smokertest" time="0.003" classname="Contact.rebelTest"/>
  <testcase name="CreateonlyTest" time="0.006" classname="Contact.CreatecontactTest"/>
  <testcase name="deleteTest" time="0.001" classname="Contact.CreatecontactTest"/>
</testsuite> <!-- Test -->
