<?xml version="1.0" encoding="UTF-8"?>
<!-- Generated by org.testng.reporters.JUnitXMLReporter -->
<testsuite hostname="DESKTOP-MCTOCK3" ignored="3" name="Test" tests="2" failures="0" timestamp="2022-07-20T12:12:20 IST" time="0.085" errors="0">
  <testcase name="decentTest" time="0.013" classname="Contact.rebelTest"/>
  <testcase name="CreateonlyTest" time="0.003" classname="Contact.CreatecontactTest"/>
  <testcase name="updatedeleteadcontactTEST" time="0.0" classname="Contact.modifyTest">
    <ignored/>
  </testcase> <!-- updatedeleteadcontactTEST -->
  <testcase name="deleteTest" time="0.0" classname="Contact.CreatecontactTest">
    <ignored/>
  </testcase> <!-- deleteTest -->
  <testcase name="smokertest" time="0.0" classname="Contact.rebelTest">
    <ignored/>
  </testcase> <!-- smokertest -->
</testsuite> <!-- Test -->
